<?xml version="1.0" encoding="UTF-8"?>
<!-- Generated by org.testng.reporters.JUnitXMLReporter -->
<testsuite ignored="2" hostname="KrazY" failures="0" tests="1" name="LoginTest" time="16.038" errors="0" timestamp="2023-12-21T17:33:28 IST">
  <testcase classname="com.practice.qa.tests.LoginTest" name="verifyLoginByTestNGFileData" time="1.794"/>
  <testcase classname="com.practice.qa.tests.LoginTest" name="verifyLoginWithValidCredential" time="0.0">
    <ignored/>
  </testcase> <!-- verifyLoginWithValidCredential -->
  <testcase classname="com.practice.qa.tests.LoginTest" name="verifyLoginWithCredentials" time="0.0">
    <ignored/>
  </testcase> <!-- verifyLoginWithCredentials -->
</testsuite> <!-- LoginTest -->
