<?xml version="1.0" encoding="UTF-8"?>
<testng-results ignored="0" total="1" passed="1" failed="0" skipped="0">
  <reporter-output>
  </reporter-output>
  <suite started-at="2023-12-27T13:25:27 IST" name="Default suite" finished-at="2023-12-27T13:25:55 IST" duration-ms="28016">
    <groups>
    </groups>
    <test started-at="2023-12-27T13:25:27 IST" name="Default test" finished-at="2023-12-27T13:25:55 IST" duration-ms="28016">
      <class name="com.practice.qa.tests.LoginTest">
        <test-method is-config="true" signature="setup()[pri:0, instance:com.practice.qa.tests.LoginTest@5a56cdac]" started-at="2023-12-27T13:25:27 IST" name="setup" finished-at="2023-12-27T13:25:43 IST" duration-ms="16608" status="PASS">
          <reporter-output>
          </reporter-output>
        </test-method> <!-- setup -->
        <test-method signature="verifyLoginWithValidCredentials()[pri:1, instance:com.practice.qa.tests.LoginTest@5a56cdac]" started-at="2023-12-27T13:25:43 IST" name="verifyLoginWithValidCredentials" finished-at="2023-12-27T13:25:55 IST" duration-ms="11201" status="PASS">
          <reporter-output>
          </reporter-output>
        </test-method> <!-- verifyLoginWithValidCredentials -->
      </class> <!-- com.practice.qa.tests.LoginTest -->
    </test> <!-- Default test -->
  </suite> <!-- Default suite -->
</testng-results>
